2023-11-04 19:35:15:716  [TID      11796][INFO    ] Default Logger initialized [dmvcframework]
2023-11-04 19:35:15:716  [TID      11796][INFO    ] Server started on port 8080 [dmvcframework]
2023-11-04 19:36:03:992  [TID       6728][INFO    ] ENTER: Config default values [dmvcframework]
2023-11-04 19:36:03:992  [TID       6728][INFO    ] EXIT: Config default values [dmvcframework]
2023-11-04 19:36:03:993  [TID       6728][INFO    ] >> Custom configuration method [dmvcframework]
2023-11-04 19:36:03:993  [TID       6728][INFO    ] << Custom configuration method [dmvcframework]
2023-11-04 19:36:03:993  [TID       6728][INFO    ] ENTER: LoadSystemControllers [dmvcframework]
2023-11-04 19:36:03:993  [TID       6728][INFO    ] EXIT: LoadSystemControllers [dmvcframework]
2023-11-04 19:36:03:995  [TID       6728][INFO    ] GET:/products [0:0:0:0:0:0:0:1] -> {NOT FOUND} - 404 Not Found [dmvcframework]
2023-11-04 19:36:06:897  [TID       6728][ERROR   ] [EMVCException] Not Found (Custom message: "GET /products") [dmvcframework]
2023-11-04 19:36:07:142  [TID      14928][INFO    ] GET:/favicon.ico [0:0:0:0:0:0:0:1] -> {NOT FOUND} - 404 Not Found [dmvcframework]
2023-11-04 19:36:09:243  [TID      14928][ERROR   ] [EMVCException] Not Found (Custom message: "GET /favicon.ico") [dmvcframework]
2023-11-04 19:36:14:474  [TID       2552][INFO    ] GET:/product [0:0:0:0:0:0:0:1] -> {NOT FOUND} - 404 Not Found [dmvcframework]
2023-11-04 19:36:16:941  [TID       2552][ERROR   ] [EMVCException] Not Found (Custom message: "GET /product") [dmvcframework]
2023-11-04 19:36:55:379  [TID       8904][INFO    ] GET:/product/danieleteti [0:0:0:0:0:0:0:1] -> {NOT FOUND} - 404 Not Found [dmvcframework]
2023-11-04 19:36:57:270  [TID       8904][ERROR   ] [EMVCException] Not Found (Custom message: "GET /product/danieleteti") [dmvcframework]
2023-11-04 19:37:08:626  [TID       4536][INFO    ] GET:/product/post/danieleteti [0:0:0:0:0:0:0:1] -> {NOT FOUND} - 404 Not Found [dmvcframework]
2023-11-04 19:37:11:454  [TID       4536][ERROR   ] [EMVCException] Not Found (Custom message: "GET /product/post/danieleteti") [dmvcframework]
2023-11-04 19:37:15:223  [TID      11828][INFO    ] GET:/product/posts/danieleteti [0:0:0:0:0:0:0:1] -> {NOT FOUND} - 404 Not Found [dmvcframework]
2023-11-04 19:37:19:229  [TID      11828][ERROR   ] [EMVCException] Not Found (Custom message: "GET /product/posts/danieleteti") [dmvcframework]
2023-11-04 19:37:34:878  [TID       2344][INFO    ] GET:/product/posts [0:0:0:0:0:0:0:1] -> {NOT FOUND} - 404 Not Found [dmvcframework]
2023-11-04 19:37:38:679  [TID       2344][ERROR   ] [EMVCException] Not Found (Custom message: "GET /product/posts") [dmvcframework]
