2023-11-03 20:01:47:171  [TID       6232][INFO    ] Default Logger initialized [dmvcframework]
2023-11-03 20:01:47:171  [TID       6232][INFO    ] Server started on port 8080 [dmvcframework]
2023-11-03 20:02:07:227  [TID      13872][INFO    ] ENTER: Config default values [dmvcframework]
2023-11-03 20:02:07:227  [TID      13872][INFO    ] EXIT: Config default values [dmvcframework]
2023-11-03 20:02:07:227  [TID      13872][INFO    ] >> Custom configuration method [dmvcframework]
2023-11-03 20:02:07:227  [TID      13872][INFO    ] << Custom configuration method [dmvcframework]
2023-11-03 20:02:07:227  [TID      13872][INFO    ] ENTER: LoadSystemControllers [dmvcframework]
2023-11-03 20:02:07:227  [TID      13872][INFO    ] EXIT: LoadSystemControllers [dmvcframework]
2023-11-03 20:02:07:231  [TID      13872][INFO    ] GET:/api/hello [0:0:0:0:0:0:0:1] -> {NOT FOUND} - 404 Not Found [dmvcframework]
2023-11-03 20:02:14:208  [TID      13872][ERROR   ] [EMVCException] Not Found (Custom message: "GET /api/hello") [dmvcframework]
2023-11-03 20:02:14:385  [TID      11520][INFO    ] GET:/favicon.ico [0:0:0:0:0:0:0:1] -> {NOT FOUND} - 404 Not Found [dmvcframework]
2023-11-03 20:02:15:398  [TID      11520][ERROR   ] [EMVCException] Not Found (Custom message: "GET /favicon.ico") [dmvcframework]
2023-11-03 20:02:51:374  [TID      14512][INFO    ] GET:/api [0:0:0:0:0:0:0:1] -> MyControllerU.TMyController.Index - 200 OK [dmvcframework]
2023-11-03 20:02:59:407  [TID       8064][INFO    ] Default Logger initialized [dmvcframework]
2023-11-03 20:02:59:419  [TID       8064][INFO    ] Server started on port 8080 [dmvcframework]
2023-11-03 20:03:08:721  [TID       9716][INFO    ] ENTER: Config default values [dmvcframework]
2023-11-03 20:03:08:721  [TID       9716][INFO    ] EXIT: Config default values [dmvcframework]
2023-11-03 20:03:08:721  [TID       9716][INFO    ] >> Custom configuration method [dmvcframework]
2023-11-03 20:03:08:721  [TID       9716][INFO    ] << Custom configuration method [dmvcframework]
2023-11-03 20:03:08:721  [TID       9716][INFO    ] ENTER: LoadSystemControllers [dmvcframework]
2023-11-03 20:03:08:721  [TID       9716][INFO    ] EXIT: LoadSystemControllers [dmvcframework]
2023-11-03 20:03:08:723  [TID       9716][INFO    ] GET:/api [0:0:0:0:0:0:0:1] -> {NOT FOUND} - 404 Not Found [dmvcframework]
2023-11-03 20:03:10:485  [TID       9716][ERROR   ] [EMVCException] Not Found (Custom message: "GET /api") [dmvcframework]
2023-11-03 20:03:17:050  [TID       8632][INFO    ] GET:/api/hello [0:0:0:0:0:0:0:1] -> MyControllerU.TMyController.Index - 200 OK [dmvcframework]
2023-11-03 20:05:03:375  [TID       8632][INFO    ] GET:/system/description [0:0:0:0:0:0:0:1] -> {NOT FOUND} - 404 Not Found [dmvcframework]
2023-11-03 20:05:04:420  [TID       8632][ERROR   ] [EMVCException] Not Found (Custom message: "GET /system/description") [dmvcframework]
2023-11-03 20:05:25:605  [TID      10124][INFO    ] GET:/system/describeplatform.info [0:0:0:0:0:0:0:1] -> MVCFramework.SysControllers.TMVCSystemController.DescribePlatform - 200 OK [dmvcframework]
2023-11-03 20:06:20:739  [TID      10124][INFO    ] GET:/system/serverconfig.info [0:0:0:0:0:0:0:1] -> MVCFramework.SysControllers.TMVCSystemController.ServerConfig - 200 OK [dmvcframework]
2023-11-03 20:07:35:193  [TID      10124][INFO    ] GET:/system/describeserver.info [0:0:0:0:0:0:0:1] -> MVCFramework.SysControllers.TMVCSystemController.DescribeServer - 200 OK [dmvcframework]
