2023-11-04 20:08:15:596  [TID      11892][INFO    ] Default Logger initialized [dmvcframework]
2023-11-04 20:08:15:596  [TID      11892][INFO    ] Server started on port 8080 [dmvcframework]
2023-11-04 20:08:45:771  [TID       1244][INFO    ] ENTER: Config default values [dmvcframework]
2023-11-04 20:08:45:771  [TID       1244][INFO    ] EXIT: Config default values [dmvcframework]
2023-11-04 20:08:45:774  [TID       1244][INFO    ] >> Custom configuration method [dmvcframework]
2023-11-04 20:08:45:775  [TID       1244][INFO    ] << Custom configuration method [dmvcframework]
2023-11-04 20:08:45:775  [TID       1244][INFO    ] ENTER: LoadSystemControllers [dmvcframework]
2023-11-04 20:08:45:775  [TID       1244][INFO    ] EXIT: LoadSystemControllers [dmvcframework]
2023-11-04 20:08:45:777  [TID       1244][INFO    ] GET:/products/categories/books/3x2 [0:0:0:0:0:0:0:1] -> ProductsController.TProductsController.GetProductsByCategoryAndOffer - 200 OK [dmvcframework]
2023-11-04 20:26:35:265  [TID       6004][INFO    ] Default Logger initialized [dmvcframework]
2023-11-04 20:26:35:272  [TID       6004][INFO    ] Server started on port 8080 [dmvcframework]
2023-11-04 20:26:48:034  [TID      13816][INFO    ] ENTER: Config default values [dmvcframework]
2023-11-04 20:26:48:034  [TID      13816][INFO    ] EXIT: Config default values [dmvcframework]
2023-11-04 20:26:48:036  [TID      13816][INFO    ] >> Custom configuration method [dmvcframework]
2023-11-04 20:26:48:036  [TID      13816][INFO    ] << Custom configuration method [dmvcframework]
2023-11-04 20:26:48:038  [TID      13816][INFO    ] ENTER: LoadSystemControllers [dmvcframework]
2023-11-04 20:26:48:038  [TID      13816][INFO    ] EXIT: LoadSystemControllers [dmvcframework]
2023-11-04 20:26:48:042  [TID      13816][INFO    ] GET:/products/categories/books/weekendprice [0:0:0:0:0:0:0:1] -> ProductsController.TProductsController.GetProductsByCategoryAndOffer - 200 OK [dmvcframework]
2023-11-04 20:26:52:020  [TID      13816][INFO    ] GET:/product/categories/books routed to GetProductsByCategoryAsInt [0:0:0:0:0:0:0:1] -> {NOT FOUND} - 404 Not Found [dmvcframework]
2023-11-04 20:26:53:838  [TID      13816][ERROR   ] [EMVCException] Not Found (Custom message: "GET /product/categories/books routed to GetProductsByCategoryAsInt") [dmvcframework]
2023-11-04 20:27:21:924  [TID      14888][INFO    ] GET:/product/categories/books [0:0:0:0:0:0:0:1] -> {NOT FOUND} - 404 Not Found [dmvcframework]
2023-11-04 20:27:23:560  [TID      14888][ERROR   ] [EMVCException] Not Found (Custom message: "GET /product/categories/books") [dmvcframework]
2023-11-04 20:27:33:116  [TID        760][INFO    ] GET:/product/categories/1 [0:0:0:0:0:0:0:1] -> {NOT FOUND} - 404 Not Found [dmvcframework]
2023-11-04 20:27:35:178  [TID        760][ERROR   ] [EMVCException] Not Found (Custom message: "GET /product/categories/1") [dmvcframework]
2023-11-04 20:28:13:846  [TID       7376][INFO    ] Default Logger initialized [dmvcframework]
2023-11-04 20:28:13:847  [TID       7376][INFO    ] Server started on port 8080 [dmvcframework]
2023-11-04 20:28:18:592  [TID       2204][INFO    ] ENTER: Config default values [dmvcframework]
2023-11-04 20:28:18:592  [TID       2204][INFO    ] EXIT: Config default values [dmvcframework]
2023-11-04 20:28:18:592  [TID       2204][INFO    ] >> Custom configuration method [dmvcframework]
2023-11-04 20:28:18:592  [TID       2204][INFO    ] << Custom configuration method [dmvcframework]
2023-11-04 20:28:18:592  [TID       2204][INFO    ] ENTER: LoadSystemControllers [dmvcframework]
2023-11-04 20:28:18:592  [TID       2204][INFO    ] EXIT: LoadSystemControllers [dmvcframework]
2023-11-04 20:28:18:593  [TID       2204][INFO    ] GET:/product/categories/1 [0:0:0:0:0:0:0:1] -> {NOT FOUND} - 404 Not Found [dmvcframework]
2023-11-04 20:28:20:430  [TID       2204][ERROR   ] [EMVCException] Not Found (Custom message: "GET /product/categories/1") [dmvcframework]
2023-11-04 20:28:32:327  [TID       2552][INFO    ] GET:/product/categories/asd [0:0:0:0:0:0:0:1] -> {NOT FOUND} - 404 Not Found [dmvcframework]
2023-11-04 20:28:34:082  [TID       2552][ERROR   ] [EMVCException] Not Found (Custom message: "GET /product/categories/asd") [dmvcframework]
2023-11-04 20:29:04:188  [TID       5888][INFO    ] Default Logger initialized [dmvcframework]
2023-11-04 20:29:04:188  [TID       5888][INFO    ] Server started on port 8080 [dmvcframework]
2023-11-04 20:29:06:860  [TID       7224][INFO    ] ENTER: Config default values [dmvcframework]
2023-11-04 20:29:06:860  [TID       7224][INFO    ] EXIT: Config default values [dmvcframework]
2023-11-04 20:29:06:860  [TID       7224][INFO    ] >> Custom configuration method [dmvcframework]
2023-11-04 20:29:06:860  [TID       7224][INFO    ] << Custom configuration method [dmvcframework]
2023-11-04 20:29:06:860  [TID       7224][INFO    ] ENTER: LoadSystemControllers [dmvcframework]
2023-11-04 20:29:06:860  [TID       7224][INFO    ] EXIT: LoadSystemControllers [dmvcframework]
2023-11-04 20:29:06:861  [TID       7224][INFO    ] GET:/product/categories/asd [0:0:0:0:0:0:0:1] -> {NOT FOUND} - 404 Not Found [dmvcframework]
2023-11-04 20:29:08:279  [TID       7224][ERROR   ] [EMVCException] Not Found (Custom message: "GET /product/categories/asd") [dmvcframework]
2023-11-04 20:29:14:365  [TID      10664][INFO    ] GET:/product/categories/1 [0:0:0:0:0:0:0:1] -> {NOT FOUND} - 404 Not Found [dmvcframework]
2023-11-04 20:29:16:794  [TID      10664][ERROR   ] [EMVCException] Not Found (Custom message: "GET /product/categories/1") [dmvcframework]
2023-11-04 20:29:30:870  [TID       3864][INFO    ] GET:/product/categories/1 [0:0:0:0:0:0:0:1] -> {NOT FOUND} - 404 Not Found [dmvcframework]
2023-11-04 20:29:32:651  [TID       3864][ERROR   ] [EMVCException] Not Found (Custom message: "GET /product/categories/1") [dmvcframework]
2023-11-04 21:01:13:422  [TID      11880][INFO    ] Default Logger initialized [dmvcframework]
2023-11-04 21:01:13:432  [TID      11880][INFO    ] Server started on port 8080 [dmvcframework]
2023-11-04 21:01:16:301  [TID       2644][INFO    ] ENTER: Config default values [dmvcframework]
2023-11-04 21:01:16:301  [TID       2644][INFO    ] EXIT: Config default values [dmvcframework]
2023-11-04 21:01:16:301  [TID       2644][INFO    ] >> Custom configuration method [dmvcframework]
2023-11-04 21:01:16:301  [TID       2644][INFO    ] << Custom configuration method [dmvcframework]
2023-11-04 21:01:16:301  [TID       2644][INFO    ] ENTER: LoadSystemControllers [dmvcframework]
2023-11-04 21:01:16:301  [TID       2644][INFO    ] EXIT: LoadSystemControllers [dmvcframework]
2023-11-04 21:01:16:309  [TID       2644][INFO    ] GET:/products/categories/1 [127.0.0.1] -> ProductsController.TProductsController.GetProductsByCategory - 200 OK [dmvcframework]
2023-11-04 21:01:19:106  [TID       2644][INFO    ] GET:/products/categories/asdasd [127.0.0.1] -> ProductsController.TProductsController.GetProductsByCategory - 200 OK [dmvcframework]
2023-11-04 21:01:32:579  [TID       2644][INFO    ] GET:/products/categories/books [127.0.0.1] -> ProductsController.TProductsController.GetProductsByCategory - 200 OK [dmvcframework]
2023-11-04 21:20:43:646  [TID       8528][INFO    ] Default Logger initialized [dmvcframework]
2023-11-04 21:20:43:671  [TID       8528][INFO    ] Server started on port 8080 [dmvcframework]
2023-11-04 21:20:52:199  [TID      10432][INFO    ] ENTER: Config default values [dmvcframework]
2023-11-04 21:20:52:199  [TID      10432][INFO    ] EXIT: Config default values [dmvcframework]
2023-11-04 21:20:52:200  [TID      10432][INFO    ] >> Custom configuration method [dmvcframework]
2023-11-04 21:20:52:200  [TID      10432][INFO    ] << Custom configuration method [dmvcframework]
2023-11-04 21:20:52:200  [TID      10432][INFO    ] ENTER: LoadSystemControllers [dmvcframework]
2023-11-04 21:20:52:201  [TID      10432][INFO    ] EXIT: LoadSystemControllers [dmvcframework]
2023-11-04 21:20:58:560  [TID      10432][ERROR   ] [EMVCException] Invalid Integer value for param [productid] - [CLASS: EConvertError][MSG: 'categories' is not a valid integer value] (Custom message: "") [dmvcframework]
2023-11-04 21:21:24:919  [TID      10432][INFO    ] GET:/products/12 [0:0:0:0:0:0:0:1] -> ProductsController.TProductsController.GetProductsByID - 200 OK [dmvcframework]
2023-11-04 21:21:28:192  [TID      10432][INFO    ] GET:/products/123 [0:0:0:0:0:0:0:1] -> ProductsController.TProductsController.GetProductsByID - 200 OK [dmvcframework]
2023-11-04 21:21:40:659  [TID      10432][INFO    ] GET:/products/categories/asd [0:0:0:0:0:0:0:1] -> ProductsController.TProductsController.GetProductsByCategory - 200 OK [dmvcframework]
2023-11-04 21:21:45:770  [TID      10432][ERROR   ] [EMVCException] Invalid Integer value for param [productid] - [CLASS: EConvertError][MSG: 'categories' is not a valid integer value] (Custom message: "") [dmvcframework]
2023-11-04 21:28:56:614  [TID       3876][INFO    ] Default Logger initialized [dmvcframework]
2023-11-04 21:28:56:614  [TID       3876][INFO    ] Server started on port 8080 [dmvcframework]
2023-11-04 21:29:30:614  [TID      13708][INFO    ] Default Logger initialized [dmvcframework]
2023-11-04 21:29:30:614  [TID      13708][INFO    ] Server started on port 8080 [dmvcframework]
2023-11-04 21:29:40:868  [TID      12872][INFO    ] ENTER: Config default values [dmvcframework]
2023-11-04 21:29:40:869  [TID      12872][INFO    ] EXIT: Config default values [dmvcframework]
2023-11-04 21:29:40:876  [TID      12872][INFO    ] >> Custom configuration method [dmvcframework]
2023-11-04 21:29:40:876  [TID      12872][INFO    ] << Custom configuration method [dmvcframework]
2023-11-04 21:29:40:876  [TID      12872][INFO    ] ENTER: LoadSystemControllers [dmvcframework]
2023-11-04 21:29:40:877  [TID      12872][INFO    ] EXIT: LoadSystemControllers [dmvcframework]
2023-11-04 21:29:42:669  [TID      12872][INFO    ] GET:/products [0:0:0:0:0:0:0:1] -> ProductsController.TProductsController.GetProducts - 200 OK [dmvcframework]
2023-11-04 21:29:56:153  [TID      12872][INFO    ] GET:/products/23 [0:0:0:0:0:0:0:1] -> ProductsController.TProductsController.GetProductsByID - 200 OK [dmvcframework]
