2023-11-07 23:06:45:713  [TID       1860][INFO    ] Default Logger initialized [dmvcframework]
2023-11-07 23:06:45:713  [TID       1860][INFO    ] Server started on port 8080 [dmvcframework]
2023-11-07 23:07:02:268  [TID      19232][INFO    ] ENTER: Config default values [dmvcframework]
2023-11-07 23:07:02:268  [TID      19232][INFO    ] EXIT: Config default values [dmvcframework]
2023-11-07 23:07:02:268  [TID      19232][INFO    ] >> Custom configuration method [dmvcframework]
2023-11-07 23:07:02:268  [TID      19232][INFO    ] << Custom configuration method [dmvcframework]
2023-11-07 23:07:02:268  [TID      19232][INFO    ] ENTER: LoadSystemControllers [dmvcframework]
2023-11-07 23:07:02:268  [TID      19232][INFO    ] EXIT: LoadSystemControllers [dmvcframework]
2023-11-07 23:07:02:270  [TID      19232][INFO    ] GET:/api/customers/1 [127.0.0.1] -> RenderSampleU.TRenderSampleController.GetCustomer - 200 OK [dmvcframework]
2023-11-07 23:07:36:002  [TID       7064][INFO    ] GET:/api/customers/1 [0:0:0:0:0:0:0:1] -> RenderSampleU.TRenderSampleController.GetCustomer - 200 OK [dmvcframework]
2023-11-07 23:09:16:050  [TID      11776][INFO    ] GET:/api/customers/1 [127.0.0.1] -> RenderSampleU.TRenderSampleController.GetCustomer - 200 OK [dmvcframework]
2023-11-07 23:09:24:038  [TID      11496][INFO    ] GET:/api/customers/1 [127.0.0.1] -> RenderSampleU.TRenderSampleController.GetCustomer - 200 OK [dmvcframework]
2023-11-07 23:09:39:181  [TID       3572][INFO    ] GET:/api/customers/1 [127.0.0.1] -> RenderSampleU.TRenderSampleController.GetCustomer - 200 OK [dmvcframework]
2023-11-07 23:57:59:836  [TID       9792][INFO    ] Default Logger initialized [dmvcframework]
2023-11-07 23:57:59:836  [TID       9792][INFO    ] Server started on port 8080 [dmvcframework]
2023-11-07 23:58:05:621  [TID       3572][INFO    ] ENTER: Config default values [dmvcframework]
2023-11-07 23:58:05:621  [TID       3572][INFO    ] EXIT: Config default values [dmvcframework]
2023-11-07 23:58:05:621  [TID       3572][INFO    ] >> Custom configuration method [dmvcframework]
2023-11-07 23:58:05:621  [TID       3572][INFO    ] << Custom configuration method [dmvcframework]
2023-11-07 23:58:05:621  [TID       3572][INFO    ] ENTER: LoadSystemControllers [dmvcframework]
2023-11-07 23:58:05:621  [TID       3572][INFO    ] EXIT: LoadSystemControllers [dmvcframework]
2023-11-07 23:58:05:623  [TID       3572][INFO    ] GET:/api/customers/1 [127.0.0.1] -> RenderSampleU.TRenderSampleController.GetCustomer - 200 OK [dmvcframework]
2023-11-08 00:11:01:334  [TID      20328][INFO    ] Default Logger initialized [dmvcframework]
2023-11-08 00:11:01:334  [TID      20328][INFO    ] Server started on port 8080 [dmvcframework]
2023-11-08 00:11:18:434  [TID      10972][INFO    ] ENTER: Config default values [dmvcframework]
2023-11-08 00:11:18:434  [TID      10972][INFO    ] EXIT: Config default values [dmvcframework]
2023-11-08 00:11:18:434  [TID      10972][INFO    ] >> Custom configuration method [dmvcframework]
2023-11-08 00:11:18:434  [TID      10972][INFO    ] << Custom configuration method [dmvcframework]
2023-11-08 00:11:18:434  [TID      10972][INFO    ] ENTER: LoadSystemControllers [dmvcframework]
2023-11-08 00:11:18:434  [TID      10972][INFO    ] EXIT: LoadSystemControllers [dmvcframework]
2023-11-08 00:11:20:440  [TID      10972][ERROR   ] [EDirectoryNotFoundException] The specified path was not found
[..\..\..\..\files\person.png] (Custom message: "Global Action Exception Handler") [dmvcframework]
2023-11-08 00:13:46:399  [TID      16128][INFO    ] Default Logger initialized [dmvcframework]
2023-11-08 00:13:46:399  [TID      16128][INFO    ] Server started on port 8080 [dmvcframework]
2023-11-08 00:13:50:596  [TID      13520][INFO    ] ENTER: Config default values [dmvcframework]
2023-11-08 00:13:50:596  [TID      13520][INFO    ] EXIT: Config default values [dmvcframework]
2023-11-08 00:13:50:596  [TID      13520][INFO    ] >> Custom configuration method [dmvcframework]
2023-11-08 00:13:50:596  [TID      13520][INFO    ] << Custom configuration method [dmvcframework]
2023-11-08 00:13:50:596  [TID      13520][INFO    ] ENTER: LoadSystemControllers [dmvcframework]
2023-11-08 00:13:50:596  [TID      13520][INFO    ] EXIT: LoadSystemControllers [dmvcframework]
2023-11-08 00:13:54:907  [TID      13520][ERROR   ] [EFileNotFoundException] The specified file was not found
[person.png] (Custom message: "Global Action Exception Handler") [dmvcframework]
2023-11-08 00:14:07:744  [TID      15324][INFO    ] GET:/api/customers/1 [127.0.0.1] -> RenderSampleU.TRenderSampleController.GetCustomer - 200 OK [dmvcframework]
2023-11-08 00:14:17:504  [TID      14376][ERROR   ] [EFileNotFoundException] The specified file was not found
[person.png] (Custom message: "Global Action Exception Handler") [dmvcframework]
2023-11-08 00:14:37:520  [TID         32][INFO    ] Default Logger initialized [dmvcframework]
2023-11-08 00:14:37:520  [TID         32][INFO    ] Server started on port 8080 [dmvcframework]
2023-11-08 00:14:39:549  [TID      17028][INFO    ] ENTER: Config default values [dmvcframework]
2023-11-08 00:14:39:549  [TID      17028][INFO    ] EXIT: Config default values [dmvcframework]
2023-11-08 00:14:39:549  [TID      17028][INFO    ] >> Custom configuration method [dmvcframework]
2023-11-08 00:14:39:549  [TID      17028][INFO    ] << Custom configuration method [dmvcframework]
2023-11-08 00:14:39:549  [TID      17028][INFO    ] ENTER: LoadSystemControllers [dmvcframework]
2023-11-08 00:14:39:549  [TID      17028][INFO    ] EXIT: LoadSystemControllers [dmvcframework]
2023-11-08 00:14:42:282  [TID      17028][ERROR   ] [EFileNotFoundException] The specified file was not found
[..\..\..\..\person.png] (Custom message: "Global Action Exception Handler") [dmvcframework]
2023-11-08 00:14:52:216  [TID          8][INFO    ] Default Logger initialized [dmvcframework]
2023-11-08 00:14:52:216  [TID          8][INFO    ] Server started on port 8080 [dmvcframework]
2023-11-08 00:14:54:841  [TID       4272][INFO    ] ENTER: Config default values [dmvcframework]
2023-11-08 00:14:54:841  [TID       4272][INFO    ] EXIT: Config default values [dmvcframework]
2023-11-08 00:14:54:841  [TID       4272][INFO    ] >> Custom configuration method [dmvcframework]
2023-11-08 00:14:54:841  [TID       4272][INFO    ] << Custom configuration method [dmvcframework]
2023-11-08 00:14:54:841  [TID       4272][INFO    ] ENTER: LoadSystemControllers [dmvcframework]
2023-11-08 00:14:54:841  [TID       4272][INFO    ] EXIT: LoadSystemControllers [dmvcframework]
2023-11-08 00:14:54:862  [TID       4272][INFO    ] GET:/api/customers/1 [127.0.0.1] -> RenderSampleU.TRenderSampleController.GetCustomer - 200 OK [dmvcframework]
2023-11-08 00:15:06:991  [TID       9440][INFO    ] GET:/api/customers/1 [127.0.0.1] -> RenderSampleU.TRenderSampleController.GetCustomer - 200 OK [dmvcframework]
2023-11-08 00:20:36:344  [TID       7632][INFO    ] Default Logger initialized [dmvcframework]
2023-11-08 00:20:36:344  [TID       7632][INFO    ] Server started on port 8080 [dmvcframework]
2023-11-08 00:20:41:796  [TID      12760][INFO    ] ENTER: Config default values [dmvcframework]
2023-11-08 00:20:41:796  [TID      12760][INFO    ] EXIT: Config default values [dmvcframework]
2023-11-08 00:20:41:796  [TID      12760][INFO    ] >> Custom configuration method [dmvcframework]
2023-11-08 00:20:41:796  [TID      12760][INFO    ] << Custom configuration method [dmvcframework]
2023-11-08 00:20:41:796  [TID      12760][INFO    ] ENTER: LoadSystemControllers [dmvcframework]
2023-11-08 00:20:41:796  [TID      12760][INFO    ] EXIT: LoadSystemControllers [dmvcframework]
2023-11-08 00:20:41:798  [TID      12760][INFO    ] GET:/api/customers/1 [127.0.0.1] -> RenderSampleU.TRenderSampleController.GetCustomer - 200 OK [dmvcframework]
2023-11-08 21:12:02:967  [TID      13484][INFO    ] Default Logger initialized [dmvcframework]
2023-11-08 21:12:02:967  [TID      13484][INFO    ] Server started on port 8080 [dmvcframework]
2023-11-08 21:25:30:750  [TID      16964][INFO    ] Default Logger initialized [dmvcframework]
2023-11-08 21:25:30:750  [TID      16964][INFO    ] Server started on port 8080 [dmvcframework]
2023-11-08 21:25:32:202  [TID      12572][INFO    ] ENTER: Config default values [dmvcframework]
2023-11-08 21:25:32:202  [TID      12572][INFO    ] EXIT: Config default values [dmvcframework]
2023-11-08 21:25:32:202  [TID      12572][INFO    ] >> Custom configuration method [dmvcframework]
2023-11-08 21:25:32:202  [TID      12572][INFO    ] << Custom configuration method [dmvcframework]
2023-11-08 21:25:32:202  [TID      12572][INFO    ] ENTER: LoadSystemControllers [dmvcframework]
2023-11-08 21:25:32:202  [TID      12572][INFO    ] EXIT: LoadSystemControllers [dmvcframework]
2023-11-08 21:25:32:204  [TID      12572][INFO    ] GET:/api/people/1 [127.0.0.1] -> RenderSampleU.TRenderSampleController.GetPerson - 200 OK [dmvcframework]
2023-11-08 21:34:12:181  [TID      11648][INFO    ] Default Logger initialized [dmvcframework]
2023-11-08 21:34:12:181  [TID      11648][INFO    ] Server started on port 8080 [dmvcframework]
2023-11-08 21:34:14:480  [TID       2924][INFO    ] ENTER: Config default values [dmvcframework]
2023-11-08 21:34:14:480  [TID       2924][INFO    ] EXIT: Config default values [dmvcframework]
2023-11-08 21:34:14:480  [TID       2924][INFO    ] >> Custom configuration method [dmvcframework]
2023-11-08 21:34:14:480  [TID       2924][INFO    ] << Custom configuration method [dmvcframework]
2023-11-08 21:34:14:480  [TID       2924][INFO    ] ENTER: LoadSystemControllers [dmvcframework]
2023-11-08 21:34:14:480  [TID       2924][INFO    ] EXIT: LoadSystemControllers [dmvcframework]
2023-11-08 21:34:16:461  [TID       2924][ERROR   ] [EInvalidPointer] Invalid pointer operation (Custom message: "Global Action Exception Handler") [dmvcframework]
2023-11-08 22:47:21:022  [TID      22000][INFO    ] Default Logger initialized [dmvcframework]
2023-11-08 22:47:21:028  [TID      22000][INFO    ] Server started on port 8080 [dmvcframework]
2023-11-08 22:47:47:440  [TID      12464][INFO    ] Default Logger initialized [dmvcframework]
2023-11-08 22:47:47:446  [TID      12464][INFO    ] Server started on port 8080 [dmvcframework]
2023-11-08 22:47:59:718  [TID      21744][INFO    ] ENTER: Config default values [dmvcframework]
2023-11-08 22:47:59:718  [TID      21744][INFO    ] EXIT: Config default values [dmvcframework]
2023-11-08 22:47:59:718  [TID      21744][INFO    ] >> Custom configuration method [dmvcframework]
2023-11-08 22:47:59:718  [TID      21744][INFO    ] << Custom configuration method [dmvcframework]
2023-11-08 22:47:59:718  [TID      21744][INFO    ] ENTER: LoadSystemControllers [dmvcframework]
2023-11-08 22:47:59:718  [TID      21744][INFO    ] EXIT: LoadSystemControllers [dmvcframework]
2023-11-08 22:48:02:396  [TID      21744][ERROR   ] [EMVCException] Parameters count mismatch (expected 1 actual 0) for action "GetDbCustomers" (Custom message: "") [dmvcframework]
2023-11-08 22:48:30:562  [TID      11788][ERROR   ] [EMVCException] Parameters count mismatch (expected 1 actual 0) for action "GetDbCustomers" (Custom message: "") [dmvcframework]
2023-11-08 22:49:01:615  [TID      22060][ERROR   ] [EMVCException] Parameters count mismatch (expected 1 actual 0) for action "GetDbCustomers" (Custom message: "") [dmvcframework]
2023-11-08 22:49:19:095  [TID      20816][INFO    ] Default Logger initialized [dmvcframework]
2023-11-08 22:49:19:103  [TID      20816][INFO    ] Server started on port 8080 [dmvcframework]
2023-11-08 22:49:23:879  [TID      21608][INFO    ] ENTER: Config default values [dmvcframework]
2023-11-08 22:49:23:879  [TID      21608][INFO    ] EXIT: Config default values [dmvcframework]
2023-11-08 22:49:23:879  [TID      21608][INFO    ] >> Custom configuration method [dmvcframework]
2023-11-08 22:49:23:879  [TID      21608][INFO    ] << Custom configuration method [dmvcframework]
2023-11-08 22:49:23:879  [TID      21608][INFO    ] ENTER: LoadSystemControllers [dmvcframework]
2023-11-08 22:49:23:879  [TID      21608][INFO    ] EXIT: LoadSystemControllers [dmvcframework]
2023-11-08 22:49:29:948  [TID      21608][INFO    ] GET:/api/customers [127.0.0.1] -> RenderSampleU.TRenderSampleController.GetDbCustomers - 200 OK [dmvcframework]
2023-11-08 22:52:10:846  [TID      21576][INFO    ] Default Logger initialized [dmvcframework]
2023-11-08 22:52:10:846  [TID      21576][INFO    ] Server started on port 8080 [dmvcframework]
2023-11-08 22:52:31:973  [TID       8212][INFO    ] Default Logger initialized [dmvcframework]
2023-11-08 22:52:31:980  [TID       8212][INFO    ] Server started on port 8080 [dmvcframework]
2023-11-08 22:53:05:663  [TID      19348][INFO    ] ENTER: Config default values [dmvcframework]
2023-11-08 22:53:05:663  [TID      19348][INFO    ] EXIT: Config default values [dmvcframework]
2023-11-08 22:53:05:663  [TID      19348][INFO    ] >> Custom configuration method [dmvcframework]
2023-11-08 22:53:05:663  [TID      19348][INFO    ] << Custom configuration method [dmvcframework]
2023-11-08 22:53:05:663  [TID      19348][INFO    ] ENTER: LoadSystemControllers [dmvcframework]
2023-11-08 22:53:05:663  [TID      19348][INFO    ] EXIT: LoadSystemControllers [dmvcframework]
2023-11-08 22:53:05:664  [TID      19348][INFO    ] GET:/api/dictionary [127.0.0.1] -> RenderSampleU.TRenderSampleController.GetDictionary - 200 OK [dmvcframework]
2023-11-08 22:58:12:128  [TID      22300][INFO    ] Default Logger initialized [dmvcframework]
2023-11-08 22:58:12:136  [TID      22300][INFO    ] Server started on port 8080 [dmvcframework]
2023-11-08 22:58:39:396  [TID      20540][INFO    ] ENTER: Config default values [dmvcframework]
2023-11-08 22:58:39:396  [TID      20540][INFO    ] EXIT: Config default values [dmvcframework]
2023-11-08 22:58:39:396  [TID      20540][INFO    ] >> Custom configuration method [dmvcframework]
2023-11-08 22:58:39:396  [TID      20540][INFO    ] << Custom configuration method [dmvcframework]
2023-11-08 22:58:39:396  [TID      20540][INFO    ] ENTER: LoadSystemControllers [dmvcframework]
2023-11-08 22:58:39:396  [TID      20540][INFO    ] EXIT: LoadSystemControllers [dmvcframework]
2023-11-08 22:58:48:061  [TID      20540][ERROR   ] [EMVCException] Parameters count mismatch (expected 1 actual 0) for action "GetCustomerPhoto" (Custom message: "") [dmvcframework]
2023-11-08 22:58:59:601  [TID      21448][INFO    ] Default Logger initialized [dmvcframework]
2023-11-08 22:58:59:609  [TID      21448][INFO    ] Server started on port 8080 [dmvcframework]
2023-11-08 22:59:06:336  [TID      20220][INFO    ] ENTER: Config default values [dmvcframework]
2023-11-08 22:59:06:336  [TID      20220][INFO    ] EXIT: Config default values [dmvcframework]
2023-11-08 22:59:06:336  [TID      20220][INFO    ] >> Custom configuration method [dmvcframework]
2023-11-08 22:59:06:336  [TID      20220][INFO    ] << Custom configuration method [dmvcframework]
2023-11-08 22:59:06:336  [TID      20220][INFO    ] ENTER: LoadSystemControllers [dmvcframework]
2023-11-08 22:59:06:336  [TID      20220][INFO    ] EXIT: LoadSystemControllers [dmvcframework]
2023-11-08 22:59:06:337  [TID      20220][INFO    ] GET:/api/photo [127.0.0.1] -> {NOT FOUND} - 404 Not Found [dmvcframework]
2023-11-08 22:59:07:797  [TID      20220][ERROR   ] [EMVCException] Not Found (Custom message: "GET /api/photo") [dmvcframework]
2023-11-08 22:59:11:591  [TID       4896][INFO    ] GET:/api/photo/1 [127.0.0.1] -> RenderSampleU.TRenderSampleController.GetCustomerPhoto - 200 OK [dmvcframework]
2023-11-08 22:59:31:093  [TID      17392][INFO    ] GET:/api/photo/1 [127.0.0.1] -> RenderSampleU.TRenderSampleController.GetCustomerPhoto - 200 OK [dmvcframework]
2023-11-08 23:07:25:534  [TID      10908][INFO    ] Default Logger initialized [dmvcframework]
2023-11-08 23:07:25:543  [TID      10908][INFO    ] Server started on port 8080 [dmvcframework]
2023-11-08 23:07:31:843  [TID      21328][INFO    ] ENTER: Config default values [dmvcframework]
2023-11-08 23:07:31:843  [TID      21328][INFO    ] EXIT: Config default values [dmvcframework]
2023-11-08 23:07:31:843  [TID      21328][INFO    ] >> Custom configuration method [dmvcframework]
2023-11-08 23:07:31:843  [TID      21328][INFO    ] << Custom configuration method [dmvcframework]
2023-11-08 23:07:31:843  [TID      21328][INFO    ] ENTER: LoadSystemControllers [dmvcframework]
2023-11-08 23:07:31:843  [TID      21328][INFO    ] EXIT: LoadSystemControllers [dmvcframework]
2023-11-08 23:07:31:844  [TID      21328][INFO    ] GET:/api/customer/1 [127.0.0.1] -> {NOT FOUND} - 404 Not Found [dmvcframework]
2023-11-08 23:07:34:506  [TID      21328][ERROR   ] [EMVCException] Not Found (Custom message: "GET /api/customer/1") [dmvcframework]
2023-11-08 23:07:49:000  [TID       1232][INFO    ] GET:/api/people/1 [127.0.0.1] -> RenderSampleU.TRenderSampleController.GetPerson - 200 OK [dmvcframework]
2023-11-15 22:31:39:749  [TID       4824][INFO    ] Default Logger initialized [dmvcframework]
2023-11-15 22:31:39:749  [TID       4824][INFO    ] Server started on port 8080 [dmvcframework]
2023-11-15 22:31:46:070  [TID      23356][INFO    ] ENTER: Config default values [dmvcframework]
2023-11-15 22:31:46:070  [TID      23356][INFO    ] EXIT: Config default values [dmvcframework]
2023-11-15 22:31:46:070  [TID      23356][INFO    ] >> Custom configuration method [dmvcframework]
2023-11-15 22:31:46:070  [TID      23356][INFO    ] << Custom configuration method [dmvcframework]
2023-11-15 22:31:46:071  [TID      23356][INFO    ] ENTER: LoadSystemControllers [dmvcframework]
2023-11-15 22:31:46:071  [TID      23356][INFO    ] EXIT: LoadSystemControllers [dmvcframework]
2023-11-15 22:31:46:074  [TID      23356][DEBUG   ] [BusinessObjectsU.TPerson] {"firstname":"James","lastname":"Sarona","age":26,"primarycontact":{"contacttype":"email","value":"angelosarona@gmail.com"},"othercontacts":[]} [dmvcframework]
2023-11-15 22:31:59:285  [TID      23356][ERROR   ] [EInvalidPointer] Invalid pointer operation (Custom message: "Global Action Exception Handler") [dmvcframework]
2023-11-15 22:32:13:885  [TID      23356][DEBUG   ] [BusinessObjectsU.TPerson] {"firstname":"James","lastname":"Sarona","age":26,"primarycontact":{"contacttype":"email","value":"angelosarona@gmail.com"},"othercontacts":[]} [dmvcframework]
2023-11-15 22:32:16:166  [TID      23356][ERROR   ] [EInvalidPointer] Invalid pointer operation (Custom message: "Global Action Exception Handler") [dmvcframework]
2023-11-15 22:36:40:657  [TID       8608][INFO    ] Default Logger initialized [dmvcframework]
2023-11-15 22:36:40:664  [TID       8608][INFO    ] Server started on port 8080 [dmvcframework]
2023-11-15 22:38:15:253  [TID      12436][INFO    ] Default Logger initialized [dmvcframework]
2023-11-15 22:38:15:261  [TID      12436][INFO    ] Server started on port 8080 [dmvcframework]
2023-11-15 22:38:17:792  [TID      15448][INFO    ] ENTER: Config default values [dmvcframework]
2023-11-15 22:38:17:792  [TID      15448][INFO    ] EXIT: Config default values [dmvcframework]
2023-11-15 22:38:17:792  [TID      15448][INFO    ] >> Custom configuration method [dmvcframework]
2023-11-15 22:38:17:792  [TID      15448][INFO    ] << Custom configuration method [dmvcframework]
2023-11-15 22:38:17:792  [TID      15448][INFO    ] ENTER: LoadSystemControllers [dmvcframework]
2023-11-15 22:38:17:792  [TID      15448][INFO    ] EXIT: LoadSystemControllers [dmvcframework]
2023-11-15 22:38:20:902  [TID      15448][DEBUG   ] [BusinessObjectsU.TPerson] {"firstname":"James","lastname":"Sarona","age":26} [dmvcframework]
2023-11-15 22:38:21:527  [TID      15448][INFO    ] GET:/api/people/1 [0:0:0:0:0:0:0:1] -> RenderSampleU.TRenderSampleController.GetPerson - 201 Person Created [dmvcframework]
2023-11-15 22:38:39:601  [TID      15448][DEBUG   ] [BusinessObjectsU.TPerson] {"firstname":"James","lastname":"Sarona","age":26} [dmvcframework]
2023-11-15 22:38:39:601  [TID      15448][INFO    ] GET:/api/people/1 [0:0:0:0:0:0:0:1] -> RenderSampleU.TRenderSampleController.GetPerson - 201 Person Created [dmvcframework]
2023-11-15 22:40:17:754  [TID       9436][ERROR   ] [EMVCDeserializationException] Body ContentType "" not supported (Custom message: "") [dmvcframework]
2023-11-15 22:40:30:886  [TID      15448][DEBUG   ] [BusinessObjectsU.TPerson] {"firstname":"James","lastname":"Sarona","age":26} [dmvcframework]
2023-11-15 22:40:30:886  [TID      15448][INFO    ] GET:/api/people/1 [0:0:0:0:0:0:0:1] -> RenderSampleU.TRenderSampleController.GetPerson - 201 Person Created [dmvcframework]
2023-11-15 22:42:47:202  [TID        572][INFO    ] Default Logger initialized [dmvcframework]
2023-11-15 22:42:47:208  [TID        572][INFO    ] Server started on port 8080 [dmvcframework]
2023-11-15 22:42:49:157  [TID      19600][INFO    ] ENTER: Config default values [dmvcframework]
2023-11-15 22:42:49:157  [TID      19600][INFO    ] EXIT: Config default values [dmvcframework]
2023-11-15 22:42:49:157  [TID      19600][INFO    ] >> Custom configuration method [dmvcframework]
2023-11-15 22:42:49:157  [TID      19600][INFO    ] << Custom configuration method [dmvcframework]
2023-11-15 22:42:49:157  [TID      19600][INFO    ] ENTER: LoadSystemControllers [dmvcframework]
2023-11-15 22:42:49:157  [TID      19600][INFO    ] EXIT: LoadSystemControllers [dmvcframework]
2023-11-15 22:42:49:158  [TID      19600][INFO    ] GET:/api/people/1 [0:0:0:0:0:0:0:1] -> {NOT FOUND} - 404 Not Found [dmvcframework]
2023-11-15 22:42:58:230  [TID      19600][ERROR   ] [EMVCException] Not Found (Custom message: "GET /api/people/1") [dmvcframework]
2023-11-15 22:43:11:413  [TID      10700][INFO    ] POST:/api/people/1 [0:0:0:0:0:0:0:1] -> {NOT FOUND} - 404 Not Found [dmvcframework]
2023-11-15 22:43:13:063  [TID      10700][ERROR   ] [EMVCException] Not Found (Custom message: "POST /api/people/1") [dmvcframework]
2023-11-15 22:43:28:849  [TID      15416][INFO    ] Default Logger initialized [dmvcframework]
2023-11-15 22:43:28:857  [TID      15416][INFO    ] Server started on port 8080 [dmvcframework]
2023-11-15 22:43:31:790  [TID      19044][INFO    ] ENTER: Config default values [dmvcframework]
2023-11-15 22:43:31:790  [TID      19044][INFO    ] EXIT: Config default values [dmvcframework]
2023-11-15 22:43:31:790  [TID      19044][INFO    ] >> Custom configuration method [dmvcframework]
2023-11-15 22:43:31:790  [TID      19044][INFO    ] << Custom configuration method [dmvcframework]
2023-11-15 22:43:31:790  [TID      19044][INFO    ] ENTER: LoadSystemControllers [dmvcframework]
2023-11-15 22:43:31:790  [TID      19044][INFO    ] EXIT: LoadSystemControllers [dmvcframework]
2023-11-15 22:43:34:751  [TID      19044][DEBUG   ] [BusinessObjectsU.TPerson] {"firstname":"James","lastname":"Sarona","age":26} [dmvcframework]
2023-11-15 22:43:35:904  [TID      19044][INFO    ] POST:/api/people/1 [0:0:0:0:0:0:0:1] -> RenderSampleU.TRenderSampleController.CreatePerson - 201 Person created [dmvcframework]
2023-11-15 22:44:26:894  [TID      11940][INFO    ] Default Logger initialized [dmvcframework]
2023-11-15 22:44:26:904  [TID      11940][INFO    ] Server started on port 8080 [dmvcframework]
2023-11-15 22:44:30:650  [TID      19344][INFO    ] ENTER: Config default values [dmvcframework]
2023-11-15 22:44:30:650  [TID      19344][INFO    ] EXIT: Config default values [dmvcframework]
2023-11-15 22:44:30:650  [TID      19344][INFO    ] >> Custom configuration method [dmvcframework]
2023-11-15 22:44:30:650  [TID      19344][INFO    ] << Custom configuration method [dmvcframework]
2023-11-15 22:44:30:650  [TID      19344][INFO    ] ENTER: LoadSystemControllers [dmvcframework]
2023-11-15 22:44:30:650  [TID      19344][INFO    ] EXIT: LoadSystemControllers [dmvcframework]
2023-11-15 22:44:30:653  [TID      19344][INFO    ] GET:/api/people/1 [0:0:0:0:0:0:0:1] -> RenderSampleU.TRenderSampleController.GetPerson - 200 OK [dmvcframework]
2023-11-15 22:44:44:096  [TID      19344][DEBUG   ] [BusinessObjectsU.TPerson] {"firstname":"James","lastname":"Sarona","age":26} [dmvcframework]
2023-11-15 22:44:44:818  [TID      19344][INFO    ] POST:/api/people [0:0:0:0:0:0:0:1] -> RenderSampleU.TRenderSampleController.CreatePerson - 201 Person created [dmvcframework]
2023-11-15 22:45:30:074  [TID      15700][INFO    ] GET:/api/people [0:0:0:0:0:0:0:1] -> {NOT FOUND} - 404 Not Found [dmvcframework]
2023-11-15 22:45:32:004  [TID      15700][ERROR   ] [EMVCException] Not Found (Custom message: "GET /api/people") [dmvcframework]
2023-11-15 22:45:32:033  [TID        808][INFO    ] GET:/favicon.ico [0:0:0:0:0:0:0:1] -> {NOT FOUND} - 404 Not Found [dmvcframework]
2023-11-15 22:45:32:838  [TID        808][ERROR   ] [EMVCException] Not Found (Custom message: "GET /favicon.ico") [dmvcframework]
2023-11-15 22:52:49:430  [TID       7256][INFO    ] Default Logger initialized [dmvcframework]
2023-11-15 22:52:49:435  [TID       7256][INFO    ] Server started on port 8080 [dmvcframework]
2023-11-15 22:52:54:156  [TID      11796][INFO    ] ENTER: Config default values [dmvcframework]
2023-11-15 22:52:54:156  [TID      11796][INFO    ] EXIT: Config default values [dmvcframework]
2023-11-15 22:52:54:156  [TID      11796][INFO    ] >> Custom configuration method [dmvcframework]
2023-11-15 22:52:54:156  [TID      11796][INFO    ] << Custom configuration method [dmvcframework]
2023-11-15 22:52:54:157  [TID      11796][INFO    ] ENTER: LoadSystemControllers [dmvcframework]
2023-11-15 22:52:54:157  [TID      11796][INFO    ] EXIT: LoadSystemControllers [dmvcframework]
2023-11-15 22:53:11:049  [TID       6648][INFO    ] ENTER: Config default values [dmvcframework]
2023-11-15 22:53:11:049  [TID       6648][INFO    ] EXIT: Config default values [dmvcframework]
2023-11-15 22:53:11:049  [TID       6648][INFO    ] >> Custom configuration method [dmvcframework]
2023-11-15 22:53:11:049  [TID       6648][INFO    ] << Custom configuration method [dmvcframework]
2023-11-15 22:53:11:050  [TID       6648][INFO    ] ENTER: LoadSystemControllers [dmvcframework]
2023-11-15 22:53:11:051  [TID       6648][INFO    ] EXIT: LoadSystemControllers [dmvcframework]
2023-11-15 22:53:11:052  [TID      11796][ERROR   ] [EMVCSerializationException] Invalid JSON. Expected TJsonObject got TJsonArray (Custom message: "") [dmvcframework]
2023-11-15 22:54:32:211  [TID      11672][INFO    ] Default Logger initialized [dmvcframework]
2023-11-15 22:54:32:219  [TID      11672][INFO    ] Server started on port 8080 [dmvcframework]
2023-11-15 22:54:53:849  [TID      10128][INFO    ] ENTER: Config default values [dmvcframework]
2023-11-15 22:54:53:849  [TID      10128][INFO    ] EXIT: Config default values [dmvcframework]
2023-11-15 22:54:53:849  [TID      10128][INFO    ] >> Custom configuration method [dmvcframework]
2023-11-15 22:54:53:849  [TID      10128][INFO    ] << Custom configuration method [dmvcframework]
2023-11-15 22:54:53:849  [TID      10128][INFO    ] ENTER: LoadSystemControllers [dmvcframework]
2023-11-15 22:54:53:849  [TID      10128][INFO    ] EXIT: LoadSystemControllers [dmvcframework]
2023-11-15 22:54:58:134  [TID      10128][ERROR   ] [EMVCException] Invalid body (Custom message: "") [dmvcframework]
2023-11-15 22:56:21:326  [TID       6848][INFO    ] Default Logger initialized [dmvcframework]
2023-11-15 22:56:21:334  [TID       6848][INFO    ] Server started on port 8080 [dmvcframework]
2023-11-15 22:56:23:846  [TID      16136][INFO    ] ENTER: Config default values [dmvcframework]
2023-11-15 22:56:23:846  [TID      16136][INFO    ] EXIT: Config default values [dmvcframework]
2023-11-15 22:56:23:846  [TID      16136][INFO    ] >> Custom configuration method [dmvcframework]
2023-11-15 22:56:23:846  [TID      16136][INFO    ] << Custom configuration method [dmvcframework]
2023-11-15 22:56:23:846  [TID      16136][INFO    ] ENTER: LoadSystemControllers [dmvcframework]
2023-11-15 22:56:23:846  [TID      16136][INFO    ] EXIT: LoadSystemControllers [dmvcframework]
2023-11-15 22:58:16:211  [TID      13816][INFO    ] ENTER: Config default values [dmvcframework]
2023-11-15 22:58:16:211  [TID      13816][INFO    ] EXIT: Config default values [dmvcframework]
2023-11-15 22:58:16:211  [TID      13816][INFO    ] >> Custom configuration method [dmvcframework]
2023-11-15 22:58:16:211  [TID      13816][INFO    ] << Custom configuration method [dmvcframework]
2023-11-15 22:58:16:211  [TID      13816][INFO    ] ENTER: LoadSystemControllers [dmvcframework]
2023-11-15 22:58:16:211  [TID      13816][INFO    ] EXIT: LoadSystemControllers [dmvcframework]
2023-11-15 22:58:22:797  [TID      16136][ERROR   ] [EMVCException] Invalid body (Custom message: "") [dmvcframework]
2023-11-15 22:58:22:801  [TID      13816][ERROR   ] [EMVCException] Invalid body (Custom message: "") [dmvcframework]
2023-11-15 22:58:40:943  [TID      13816][ERROR   ] [EMVCException] Invalid body (Custom message: "") [dmvcframework]
2023-11-15 23:00:15:585  [TID      21188][INFO    ] Default Logger initialized [dmvcframework]
2023-11-15 23:00:15:591  [TID      21188][INFO    ] Server started on port 8080 [dmvcframework]
2023-11-15 23:00:18:970  [TID      22404][INFO    ] ENTER: Config default values [dmvcframework]
2023-11-15 23:00:18:970  [TID      22404][INFO    ] EXIT: Config default values [dmvcframework]
2023-11-15 23:00:18:970  [TID      22404][INFO    ] >> Custom configuration method [dmvcframework]
2023-11-15 23:00:18:970  [TID      22404][INFO    ] << Custom configuration method [dmvcframework]
2023-11-15 23:00:18:971  [TID      22404][INFO    ] ENTER: LoadSystemControllers [dmvcframework]
2023-11-15 23:00:18:971  [TID      22404][INFO    ] EXIT: LoadSystemControllers [dmvcframework]
2023-11-15 23:00:21:415  [TID      22404][DEBUG   ] [System.Generics.Collections.TObjectList<BusinessObjectsU.TPerson>] [{"firstname":"James","lastname":"Sarona","age":26},{"firstname":"Angelo","lastname":"Jim","age":27}] [dmvcframework]
2023-11-15 23:00:21:415  [TID      22404][INFO    ] POST:/api/people [0:0:0:0:0:0:0:1] -> RenderSampleU.TRenderSampleController.CreatePerson - 201 People Created [dmvcframework]
2023-11-15 23:00:38:844  [TID      22404][DEBUG   ] [System.Generics.Collections.TObjectList<BusinessObjectsU.TPerson>] [{"firstname":"James","lastname":"Sarona","age":26},{"firstname":"Angelo","lastname":"Jim","age":27}] [dmvcframework]
2023-11-15 23:00:38:844  [TID      22404][INFO    ] POST:/api/people [0:0:0:0:0:0:0:1] -> RenderSampleU.TRenderSampleController.CreatePerson - 201 People Created [dmvcframework]
2023-11-15 23:03:14:134  [TID      22404][DEBUG   ] [System.Generics.Collections.TObjectList<BusinessObjectsU.TPerson>] [{"firstname":"James","lastname":"Sarona","age":26}] [dmvcframework]
2023-11-15 23:03:14:134  [TID      22404][INFO    ] POST:/api/people [0:0:0:0:0:0:0:1] -> RenderSampleU.TRenderSampleController.CreatePerson - 201 People Created [dmvcframework]
2023-11-15 23:03:57:201  [TID       4448][INFO    ] Default Logger initialized [dmvcframework]
2023-11-15 23:03:57:209  [TID       4448][INFO    ] Server started on port 8080 [dmvcframework]
2023-11-15 23:03:59:943  [TID       3164][INFO    ] ENTER: Config default values [dmvcframework]
2023-11-15 23:03:59:943  [TID       3164][INFO    ] EXIT: Config default values [dmvcframework]
2023-11-15 23:03:59:943  [TID       3164][INFO    ] >> Custom configuration method [dmvcframework]
2023-11-15 23:03:59:943  [TID       3164][INFO    ] << Custom configuration method [dmvcframework]
2023-11-15 23:03:59:944  [TID       3164][INFO    ] ENTER: LoadSystemControllers [dmvcframework]
2023-11-15 23:03:59:944  [TID       3164][INFO    ] EXIT: LoadSystemControllers [dmvcframework]
2023-11-15 23:04:02:871  [TID       3164][DEBUG   ] [System.Generics.Collections.TObjectList<BusinessObjectsU.TPerson>] [{"firstname":"James","lastname":"Sarona","age":26,"othercontacts":[{"contacttype":"email","value":"d.teti@bittime.it"}]}] [dmvcframework]
2023-11-15 23:04:04:224  [TID       3164][INFO    ] POST:/api/people [0:0:0:0:0:0:0:1] -> RenderSampleU.TRenderSampleController.CreatePerson - 201 People Created [dmvcframework]
2023-11-15 23:04:36:152  [TID       3164][ERROR   ] [EMVCSerializationException] Invalid JSON. Expected TJsonObject got TJsonArray (Custom message: "") [dmvcframework]
2023-11-15 23:04:53:001  [TID       3164][ERROR   ] [EMVCSerializationException] Invalid JSON. Expected TJsonObject got TJsonArray (Custom message: "") [dmvcframework]
2023-11-15 23:05:02:834  [TID       3164][ERROR   ] [EMVCSerializationException] Invalid JSON. Expected TJsonObject got TJsonArray (Custom message: "") [dmvcframework]
2023-11-15 23:05:31:163  [TID       3164][ERROR   ] [EMVCSerializationException] Invalid JSON. Expected TJsonObject got TJsonArray (Custom message: "") [dmvcframework]
2023-11-15 23:10:00:431  [TID       4812][INFO    ] Default Logger initialized [dmvcframework]
2023-11-15 23:10:00:438  [TID       4812][INFO    ] Server started on port 8080 [dmvcframework]
2023-11-15 23:10:03:328  [TID      14296][INFO    ] ENTER: Config default values [dmvcframework]
2023-11-15 23:10:03:328  [TID      14296][INFO    ] EXIT: Config default values [dmvcframework]
2023-11-15 23:10:03:328  [TID      14296][INFO    ] >> Custom configuration method [dmvcframework]
2023-11-15 23:10:03:328  [TID      14296][INFO    ] << Custom configuration method [dmvcframework]
2023-11-15 23:10:03:328  [TID      14296][INFO    ] ENTER: LoadSystemControllers [dmvcframework]
2023-11-15 23:10:03:328  [TID      14296][INFO    ] EXIT: LoadSystemControllers [dmvcframework]
2023-11-15 23:11:26:348  [TID      18804][INFO    ] Default Logger initialized [dmvcframework]
2023-11-15 23:11:26:357  [TID      18804][INFO    ] Server started on port 8080 [dmvcframework]
2023-11-15 23:11:28:599  [TID       6300][INFO    ] ENTER: Config default values [dmvcframework]
2023-11-15 23:11:28:599  [TID       6300][INFO    ] EXIT: Config default values [dmvcframework]
2023-11-15 23:11:28:599  [TID       6300][INFO    ] >> Custom configuration method [dmvcframework]
2023-11-15 23:11:28:599  [TID       6300][INFO    ] << Custom configuration method [dmvcframework]
2023-11-15 23:11:28:599  [TID       6300][INFO    ] ENTER: LoadSystemControllers [dmvcframework]
2023-11-15 23:11:28:599  [TID       6300][INFO    ] EXIT: LoadSystemControllers [dmvcframework]
2023-11-15 23:11:37:217  [TID       6300][ERROR   ] [EMVCSerializationException] Invalid JSON. Expected TJsonObject got TJsonArray (Custom message: "") [dmvcframework]
2023-11-15 23:11:55:588  [TID       6300][ERROR   ] [EMVCSerializationException] Invalid JSON. Expected TJsonObject got TJsonArray (Custom message: "") [dmvcframework]
2023-11-15 23:26:31:201  [TID       6300][DEBUG   ] [BusinessObjectsU.TPerson] {"firstname":"James","lastname":"Sarona","age":26,"othercontacts":[{"contacttype":"email","value":"d.teti@bittime.it"}]} [dmvcframework]
2023-11-15 23:26:31:714  [TID       6300][INFO    ] POST:/api/people [0:0:0:0:0:0:0:1] -> RenderSampleU.TRenderSampleController.CreatePerson - 201 Person created [dmvcframework]
2023-11-15 23:26:49:053  [TID      21036][INFO    ] Default Logger initialized [dmvcframework]
2023-11-15 23:26:49:059  [TID      21036][INFO    ] Server started on port 8080 [dmvcframework]
2023-11-15 23:26:53:267  [TID      12852][INFO    ] ENTER: Config default values [dmvcframework]
2023-11-15 23:26:53:267  [TID      12852][INFO    ] EXIT: Config default values [dmvcframework]
2023-11-15 23:26:53:267  [TID      12852][INFO    ] >> Custom configuration method [dmvcframework]
2023-11-15 23:26:53:267  [TID      12852][INFO    ] << Custom configuration method [dmvcframework]
2023-11-15 23:26:53:267  [TID      12852][INFO    ] ENTER: LoadSystemControllers [dmvcframework]
2023-11-15 23:26:53:267  [TID      12852][INFO    ] EXIT: LoadSystemControllers [dmvcframework]
2023-11-15 23:26:56:579  [TID      12852][DEBUG   ] [BusinessObjectsU.TPerson] {"firstname":"James","lastname":"Sarona","age":26,"primarycontact":{"contacttype":"email","value":"angelosarona@gmail.com"},"othercontacts":[{"contacttype":"email","value":"d.teti@bittime.it"}]} [dmvcframework]
2023-11-15 23:26:57:249  [TID      12852][INFO    ] POST:/api/people [0:0:0:0:0:0:0:1] -> RenderSampleU.TRenderSampleController.CreatePerson - 201 Person created [dmvcframework]
